D:\DOKUMENTER\IT-UNIVERSITETET\SPECIALE\CD\SOURCE\STARCRAFTBOT_CLR_CLIENT\SOURCE\BWAPI-CLR-CLIENT\BWAPI-NATIVE\RELEASE\BWAPI-BRIDGE.OBJ
D:\DOKUMENTER\IT-UNIVERSITETET\SPECIALE\CD\SOURCE\STARCRAFTBOT_CLR_CLIENT\SOURCE\BWAPI-CLR-CLIENT\BWAPI-NATIVE\RELEASE\BWAPICLIENT-BRIDGE.OBJ
D:\DOKUMENTER\IT-UNIVERSITETET\SPECIALE\CD\SOURCE\STARCRAFTBOT_CLR_CLIENT\SOURCE\BWAPI-CLR-CLIENT\BWAPI-NATIVE\RELEASE\BWAPI-NATIVE.DLL
D:\DOKUMENTER\IT-UNIVERSITETET\SPECIALE\CD\SOURCE\STARCRAFTBOT_CLR_CLIENT\SOURCE\BWAPI-CLR-CLIENT\BWAPI-NATIVE\RELEASE\BWAPI-NATIVE.DLL.INTERMEDIATE.MANIFEST
D:\Dokumenter\IT-Universitetet\Speciale\CD\Source\StarCraftBot_CLR_Client\Source\bwapi-clr-client\bwapi-native\Release\bwapi-native.exp
D:\Dokumenter\IT-Universitetet\Speciale\CD\Source\StarCraftBot_CLR_Client\Source\bwapi-clr-client\bwapi-native\Release\bwapi-native.lib
D:\DOKUMENTER\IT-UNIVERSITETET\SPECIALE\CD\SOURCE\STARCRAFTBOT_CLR_CLIENT\SOURCE\BWAPI-CLR-CLIENT\BWAPI-NATIVE\RELEASE\BWAPI-NATIVE.OBJ
D:\Dokumenter\IT-Universitetet\Speciale\CD\Source\StarCraftBot_CLR_Client\Source\bwapi-clr-client\bwapi-native\Release\bwapi-native.write.1.tlog
D:\DOKUMENTER\IT-UNIVERSITETET\SPECIALE\CD\SOURCE\STARCRAFTBOT_CLR_CLIENT\SOURCE\BWAPI-CLR-CLIENT\BWAPI-NATIVE\RELEASE\BWTA-BRIDGE.OBJ
D:\Dokumenter\IT-Universitetet\Speciale\CD\Source\StarCraftBot_CLR_Client\Source\bwapi-clr-client\bwapi-native\Release\cl.command.1.tlog
D:\Dokumenter\IT-Universitetet\Speciale\CD\Source\StarCraftBot_CLR_Client\Source\bwapi-clr-client\bwapi-native\Release\CL.read.1.tlog
D:\Dokumenter\IT-Universitetet\Speciale\CD\Source\StarCraftBot_CLR_Client\Source\bwapi-clr-client\bwapi-native\Release\CL.write.1.tlog
D:\DOKUMENTER\IT-UNIVERSITETET\SPECIALE\CD\SOURCE\STARCRAFTBOT_CLR_CLIENT\SOURCE\BWAPI-CLR-CLIENT\BWAPI-NATIVE\RELEASE\DLLMAIN.OBJ
D:\Dokumenter\IT-Universitetet\Speciale\CD\Source\StarCraftBot_CLR_Client\Source\bwapi-clr-client\bwapi-native\Release\link.command.1.tlog
D:\Dokumenter\IT-Universitetet\Speciale\CD\Source\StarCraftBot_CLR_Client\Source\bwapi-clr-client\bwapi-native\Release\link.read.1.tlog
D:\Dokumenter\IT-Universitetet\Speciale\CD\Source\StarCraftBot_CLR_Client\Source\bwapi-clr-client\bwapi-native\Release\link.write.1.tlog
D:\Dokumenter\IT-Universitetet\Speciale\CD\Source\StarCraftBot_CLR_Client\Source\bwapi-clr-client\bwapi-native\Release\mt.command.1.tlog
D:\Dokumenter\IT-Universitetet\Speciale\CD\Source\StarCraftBot_CLR_Client\Source\bwapi-clr-client\bwapi-native\Release\mt.read.1.tlog
D:\Dokumenter\IT-Universitetet\Speciale\CD\Source\StarCraftBot_CLR_Client\Source\bwapi-clr-client\bwapi-native\Release\mt.write.1.tlog
D:\DOKUMENTER\IT-UNIVERSITETET\SPECIALE\CD\SOURCE\STARCRAFTBOT_CLR_CLIENT\SOURCE\BWAPI-CLR-CLIENT\BWAPI-NATIVE\RELEASE\VC90.PDB
